生成启动时间为 2013/6/13 15:52:06。
     1>项目“C:\project\nodeim\client\activex\activex.vcxproj”在节点 2 上(build 个目标)。
     1>InitializeBuildStatus:
         正在对“Release\activex.unsuccessfulbuild”执行 Touch 任务。
       Midl:
         所有输出均为最新。
       ClCompile:
         所有输出均为最新。
         C:\Program Files (x86)\Microsoft Visual Studio 10.0\VC\bin\CL.exe /c /Zi /nologo /W3 /WX- /O2 /Oi /Oy- /GL /D WIN32 /D _WINDOWS /D NDEBUG /D _USRDLL /D _WINDLL /D _UNICODE /D UNICODE /Gm- /EHsc /MT /GS /Gy /fp:precise /Zc:wchar_t /Zc:forScope /Yu"StdAfx.h" /Fp"Release\activex.pch" /Fo"Release\\" /Fd"Release\vc100.pdb" /Gd /TP /analyze- /errorReport:prompt OcxCtrl.cpp
         OcxCtrl.cpp
       ResourceCompile:
         所有输出均为最新。
       Link:
         C:\Program Files (x86)\Microsoft Visual Studio 10.0\VC\bin\link.exe /ERRORREPORT:PROMPT /OUT:"C:\project\nodeim\client\activex\Release\activex.ocx" /INCREMENTAL:NO /NOLOGO /DEF:".\activex.def" /MANIFEST /ManifestFile:"Release\activex.ocx.intermediate.manifest" /MANIFESTUAC:"level='asInvoker' uiAccess='false'" /DEBUG /PDB:"C:\project\nodeim\client\activex\Release\activex.pdb" /SUBSYSTEM:WINDOWS /OPT:REF /OPT:ICF /LTCG /TLBID:1 /DYNAMICBASE /NXCOMPAT /IMPLIB:"C:\project\nodeim\client\activex\Release\activex.lib" /MACHINE:X86 /DLL Release\activex.res
         Release\activex.obj
         Release\OcxCtrl.obj
         Release\OcxPpg.obj
         Release\stdafx.obj
            正在创建库 C:\project\nodeim\client\activex\Release\activex.lib 和对象 C:\project\nodeim\client\activex\Release\activex.exp
         正在生成代码
         已完成代码的生成
         activex.vcxproj -> C:\project\nodeim\client\activex\Release\activex.ocx
       Manifest:
         C:\Program Files (x86)\Microsoft SDKs\Windows\v7.0A\bin\mt.exe /nologo /verbose /outputresource:"C:\project\nodeim\client\activex\Release\activex.ocx;#2" /manifest Release\activex.ocx.intermediate.manifest "C:\Program Files (x86)\Microsoft Visual Studio 10.0\VC\Include\Manifest\dpiaware.manifest"
       RegisterOutput:
         regsvr32 /s "C:\project\nodeim\client\activex\Release\activex.ocx"
       FinalizeBuildStatus:
         正在删除文件“Release\activex.unsuccessfulbuild”。
         正在对“Release\activex.lastbuildstate”执行 Touch 任务。
     1>已完成生成项目“C:\project\nodeim\client\activex\activex.vcxproj”(build 个目标)的操作。

生成成功。

已用时间 00:00:02.94
